Add Pin To Net: Unknown Pin: Pin CONN3-1
Add Pin To Net: Unknown Pin: Pin CONN3-2
Add Pin To Net: Unknown Pin: Pin D4-1
Add Pin To Net: Unknown Pin: Pin D4-2
Add Pin To Net: Unknown Pin: Pin D8-1
Add Pin To Net: Unknown Pin: Pin D8-2
Add Pin To Net: Unknown Pin: Pin D9-1
Add Pin To Net: Unknown Pin: Pin D9-2
Added Pin To Net: NetName=GND_USB Pin=D10-A
Added Pin To Net: NetName=VCC_USB Pin=D10-K
Added Pin To Net: NetName=GND_USB Pin=D11-A
Added Pin To Net: NetName=USB_D_P Pin=D11-K
Added Pin To Net: NetName=GND_USB Pin=D12-A
Added Pin To Net: NetName=USB_D_N Pin=D12-K
Added Pin To Net: NetName=GND_USB Pin=D13-A
Added Pin To Net: NetName=USB_CC1 Pin=D13-K
Added Pin To Net: NetName=GND_USB Pin=D14-A
Added Pin To Net: NetName=USB_CC2 Pin=D14-K
Add Pin To Net: Unknown Pin: Pin JP1-S1
Add Class Member: Failed to add class member : Component CONN3 DC JACK
