Change Value of Parameter 02_Montaje in Part BH? Old=SMD New=THM
Change Value of Parameter 03_Encapsulado in Part BH? Old=SOT_23-6 New=NA
Change Value of Parameter 04_Manufacturer Part Number in Part BH? Old=DW01 New=BH-18650-A1BJ021
Change Value of Parameter 05_Digikey Part Number in Part BH? Old=5399-DW01CT-ND New=Not Available
Change Value of Parameter 06_Manufacturer in Part BH? Old=Shenzhen Slkormicro Semicon Co., Ltd. New=MYOUNG
Change Value of Parameter 07_Funcion in Part BH? Old=Protector 1S New=Battery Holder
Change Value of Parameter ComponentLink1URL in Part BH? Old=https://mm.digikey.com/Volume0/opasdata/d220001/medias/docus/6808/DW01%20SOT-23-6.PDF New=https://www.lcsc.com/datasheet/C20606804.pdf?spm=wm.sxq.inf.ggs&lcsc_vid=QgdWXldRRVMIVlxRFlhXBFZfRldXX1JXQVQPBlEDEwUxVlNRQ1BfVVJRQ1VZVDsOAxUeFF5JWBYZEEoBGA4JCwFIFA4DSA%3D%3D
Change Value of Parameter ComponentLink2URL in Part BH? Old=https://www.digikey.com/en/products/detail/shenzhen-slkormicro-semicon-co-ltd/DW01/26601036 New=Not Available
Change Value of Parameter 02_Montaje in Part BH? Old=SMD New=THM
Change Value of Parameter 03_Encapsulado in Part BH? Old=SOT_23-6 New=NA
Change Value of Parameter 04_Manufacturer Part Number in Part BH? Old=DW01 New=BH-18650-A1BJ021
Change Value of Parameter 05_Digikey Part Number in Part BH? Old=5399-DW01CT-ND New=Not Available
Change Value of Parameter 06_Manufacturer in Part BH? Old=Shenzhen Slkormicro Semicon Co., Ltd. New=MYOUNG
Change Value of Parameter 07_Funcion in Part BH? Old=Protector 1S New=Battery Holder
Change Value of Parameter ComponentLink1URL in Part BH? Old=https://mm.digikey.com/Volume0/opasdata/d220001/medias/docus/6808/DW01%20SOT-23-6.PDF New=https://www.lcsc.com/datasheet/C20606804.pdf?spm=wm.sxq.inf.ggs&lcsc_vid=QgdWXldRRVMIVlxRFlhXBFZfRldXX1JXQVQPBlEDEwUxVlNRQ1BfVVJRQ1VZVDsOAxUeFF5JWBYZEEoBGA4JCwFIFA4DSA%3D%3D
Change Value of Parameter ComponentLink2URL in Part BH? Old=https://www.digikey.com/en/products/detail/shenzhen-slkormicro-semicon-co-ltd/DW01/26601036 New=Not Available
Added Parameter ComponentLink3Description=03_LCSC to Part BH?
Added Parameter ComponentLink3Description=03_LCSC to Part BH?
Added Parameter ComponentLink3URL=https://www.lcsc.com/product-detail/C20606804.html to Part BH?
Added Parameter ComponentLink3URL=https://www.lcsc.com/product-detail/C20606804.html to Part BH?
Replace Symbol from BH? BH-18650-A1BJ021 in D:\Mis Documentos\GitHub\Power_Rail_Probe\02_Hardware\01_Diseńo\Power_Rail_Probe\Power_Rail_Probe.SchDoc with BH-18650-A1BJ021 from Libreria_Altium.IntLib
Replace Symbol from BH? BH-18650-A1BJ021 in D:\Mis Documentos\GitHub\Power_Rail_Probe\02_Hardware\01_Diseńo\Power_Rail_Probe\Power_Rail_Probe.SchDoc with BH-18650-A1BJ021 from Libreria_Altium.IntLib
