Change Physical Footprint: Designator=C1 Old Footprint=CAP_SMD_1206 New Footprint=CAP_SMD_1206
Change Physical Footprint: Designator=C15 Old Footprint=CAP_SMD_0805 New Footprint=CAP_SMD_0805
Change Physical Footprint: Designator=C16 Old Footprint=CAP_SMD_0805 New Footprint=CAP_SMD_0805
Change Physical Footprint: Designator=C17 Old Footprint=CAP_SMD_0805 New Footprint=CAP_SMD_0805
Change Physical Footprint: Designator=C18 Old Footprint=CAP_SMD_0805 New Footprint=CAP_SMD_0805
Change Physical Footprint: Designator=C20 Old Footprint=CAP_SMD_0805 New Footprint=CAP_SMD_0805
Change Physical Footprint: Designator=C21 Old Footprint=CAP_SMD_0805 New Footprint=CAP_SMD_0805
Change Physical Footprint: Designator=C22 Old Footprint=CAP_SMD_0805 New Footprint=CAP_SMD_0805
Change Physical Footprint: Designator=C24 Old Footprint=CAP_SMD_0805 New Footprint=CAP_SMD_0805
Change Physical Footprint: Designator=D6 Old Footprint=SOD_323 New Footprint=SOD_323
Change Physical Footprint: Designator=D7 Old Footprint=DO_214_AC New Footprint=DO_214_AC
Change Physical Footprint: Designator=D8 Old Footprint=LED_0603_1608 New Footprint=LED_0603_1608
Change Physical Footprint: Designator=D9 Old Footprint=LED_0603_1608 New Footprint=LED_0603_1608
Change Physical Footprint: Designator=FB1 Old Footprint=FERRITE_SMD_0603 New Footprint=FERRITE_SMD_0603
Change Physical Footprint: Designator=R1 Old Footprint=RES_SMD_0603 New Footprint=RES_SMD_0603
Change Physical Footprint: Designator=R2 Old Footprint=RES_SMD_0603 New Footprint=RES_SMD_0603
Change Physical Footprint: Designator=R3 Old Footprint=RES_SMD_0603 New Footprint=RES_SMD_0603
Change Physical Footprint: Designator=R4 Old Footprint=RES_SMD_0603 New Footprint=RES_SMD_0603
Change Physical Footprint: Designator=R5 Old Footprint=RES_SMD_0603 New Footprint=RES_SMD_0603
Change Physical Footprint: Designator=R6 Old Footprint=RES_SMD_0603 New Footprint=RES_SMD_0603
Change Physical Footprint: Designator=R7 Old Footprint=RES_SMD_0603 New Footprint=RES_SMD_0603
Change Physical Footprint: Designator=R8 Old Footprint=RES_SMD_0603 New Footprint=RES_SMD_0603
Change Physical Footprint: Designator=R9 Old Footprint=RES_SMD_0603 New Footprint=RES_SMD_0603
Change Physical Footprint: Designator=R10 Old Footprint=RES_SMD_0603 New Footprint=RES_SMD_0603
Change Physical Footprint: Designator=R11 Old Footprint=RES_SMD_0603 New Footprint=RES_SMD_0603
Change Physical Footprint: Designator=R12 Old Footprint=RES_SMD_0805 New Footprint=RES_SMD_0805
Change Physical Footprint: Designator=R13 Old Footprint=RES_SMD_0603 New Footprint=RES_SMD_0603
Change Physical Footprint: Designator=R14 Old Footprint=RES_SMD_0603 New Footprint=RES_SMD_0603
Change Physical Footprint: Designator=R15 Old Footprint=RES_SMD_0603 New Footprint=RES_SMD_0603
Change Physical Footprint: Designator=R16 Old Footprint=RES_SMD_0603 New Footprint=RES_SMD_0603
Change Physical Footprint: Designator=R17 Old Footprint=RES_SMD_0603 New Footprint=RES_SMD_0603
Change Physical Footprint: Designator=R18 Old Footprint=RES_SMD_0603 New Footprint=RES_SMD_0603
Change Physical Footprint: Designator=R19 Old Footprint=RES_SMD_0603 New Footprint=RES_SMD_0603
Change Physical Footprint: Designator=R20 Old Footprint=RES_SMD_0603 New Footprint=RES_SMD_0603
Change Physical Footprint: Designator=R21 Old Footprint=RES_SMD_0603 New Footprint=RES_SMD_0603
Change Physical Footprint: Designator=R22 Old Footprint=RES_SMD_0603 New Footprint=RES_SMD_0603
Change Physical Footprint: Designator=R23 Old Footprint=RES_SMD_0603 New Footprint=RES_SMD_0603
Change Physical Footprint: Designator=R24 Old Footprint=RES_SMD_0603 New Footprint=RES_SMD_0603
Change Physical Footprint: Designator=R25 Old Footprint=RES_SMD_0603 New Footprint=RES_SMD_0603
Change Physical Footprint: Designator=R26 Old Footprint=RES_SMD_0603 New Footprint=RES_SMD_0603
Change Physical Footprint: Designator=R28 Old Footprint=RES_SMD_0603 New Footprint=RES_SMD_0603
Change Physical Footprint: Designator=R29 Old Footprint=RES_SMD_0603 New Footprint=RES_SMD_0603
Change Physical Footprint: Designator=RP1 Old Footprint=RES_SMD_0603 New Footprint=RES_SMD_0603
Change Physical Footprint: Designator=RP2 Old Footprint=RES_SMD_0603 New Footprint=RES_SMD_0603
