Removed Pin From Net: NetName=Vee Pin=D1-A
Removed Pin From Net: NetName=NetD2_K Pin=D15-A
Removed Pin From Net: NetName=Vcc Pin=R30-2
Removed Pin From Net: NetName=Vee Pin=R33-1
Removed Member From Class: ClassName=Power_Rail_Probe Member=D1
Removed Member From Class: ClassName=Power_Rail_Probe Member=R33
Change Component Comment : Designator=R30 Old Comment=2K49 New Comment=49K9
Change Component Designator: OldDesignator=TP? NewDesignator=TP12
Change component parameters: Designator = "R30" ("R30"); Footprint = "RES_SMD_0603"; UniqueID = "\JHUTDRGF" ("\JHUTDRGF")
Change component parameters (AddParameter): Name = "01_Componente"; Value = "Resistor"; VariantName = "[No Variations]"
Change component parameters (AddParameter): Name = "02_Montaje"; Value = "SMD"; VariantName = "[No Variations]"
Change component parameters (AddParameter): Name = "03_Encapsulado"; Value = "0603"; VariantName = "[No Variations]"
Change component parameters (AddParameter): Name = "04_Manufacturer Part Number"; Value = "RNCF0603BTE49K9"; VariantName = "[No Variations]"
Change component parameters (AddParameter): Name = "05_Digikey Part Number"; Value = "738-RNCF0603BTE49K9CT-ND"; VariantName = "[No Variations]"
Change component parameters (AddParameter): Name = "06_Manufacturer"; Value = "Stackpole Electronics Inc"; VariantName = "[No Variations]"
Change component parameters (AddParameter): Name = "07_Valor"; Value = "49K9"; VariantName = "[No Variations]"
Change component parameters (AddParameter): Name = "08_Tolerancia"; Value = "0.1%"; VariantName = "[No Variations]"
Change component parameters (AddParameter): Name = "ComponentLink1Description"; Value = "A_Datasheet"; VariantName = "[No Variations]"
Change component parameters (AddParameter): Name = "ComponentLink1URL"; Value = "https://www.seielect.com/catalog/SEI-RNCF.pdf"; VariantName = "[No Variations]"
Change component parameters (AddParameter): Name = "ComponentLink2Description"; Value = "B_Digikey"; VariantName = "[No Variations]"
Change component parameters (AddParameter): Name = "ComponentLink2URL"; Value = "https://www.digikey.com/en/products/detail/stackpole-electronics-inc/RNCF0603BTE49K9/1710260"; VariantName = "[No Variations]"
Added Component: Designator=R5(RES_SMD_0603)
Add component (AddParameter): Name = "01_Componente"; Value = "Resistor"; VariantName = "[No Variations]"
Add component (AddParameter): Name = "02_Montaje"; Value = "SMD"; VariantName = "[No Variations]"
Add component (AddParameter): Name = "03_Encapsulado"; Value = "0603"; VariantName = "[No Variations]"
Add component (AddParameter): Name = "04_Manufacturer Part Number"; Value = "RNCF0603BTE1K00"; VariantName = "[No Variations]"
Add component (AddParameter): Name = "05_Digikey Part Number"; Value = "738-RNCF0603BTE1K00CT-ND"; VariantName = "[No Variations]"
Add component (AddParameter): Name = "06_Manufacturer"; Value = "Stackpole Electronics Inc"; VariantName = "[No Variations]"
Add component (AddParameter): Name = "07_Valor"; Value = "1k"; VariantName = "[No Variations]"
Add component (AddParameter): Name = "08_Tolerancia"; Value = "0.1%"; VariantName = "[No Variations]"
Add component (AddParameter): Name = "ComponentLink1Description"; Value = "A_Datasheet"; VariantName = "[No Variations]"
Add component (AddParameter): Name = "ComponentLink1URL"; Value = "https://www.seielect.com/catalog/SEI-RNCF.pdf"; VariantName = "[No Variations]"
Add component (AddParameter): Name = "ComponentLink2Description"; Value = "B_Digikey"; VariantName = "[No Variations]"
Add component (AddParameter): Name = "ComponentLink2URL"; Value = "https://www.digikey.com/en/products/detail/stackpole-electronics-inc/RNCF0603BTE1K00/1710217"; VariantName = "[No Variations]"
Added Component: Designator=R6(RES_SMD_0603)
Add component (AddParameter): Name = "01_Componente"; Value = "Resistor"; VariantName = "[No Variations]"
Add component (AddParameter): Name = "02_Montaje"; Value = "SMD"; VariantName = "[No Variations]"
Add component (AddParameter): Name = "03_Encapsulado"; Value = "0603"; VariantName = "[No Variations]"
Add component (AddParameter): Name = "04_Manufacturer Part Number"; Value = "RMCF0603FT82K0"; VariantName = "[No Variations]"
Add component (AddParameter): Name = "05_Digikey Part Number"; Value = "RMCF0603FT82K0CT-ND"; VariantName = "[No Variations]"
Add component (AddParameter): Name = "06_Manufacturer"; Value = "Stackpole Electronics Inc"; VariantName = "[No Variations]"
Add component (AddParameter): Name = "07_Valor"; Value = "82k"; VariantName = "[No Variations]"
Add component (AddParameter): Name = "08_Tolerancia"; Value = "1%"; VariantName = "[No Variations]"
Add component (AddParameter): Name = "ComponentLink1Description"; Value = "A_Datasheet"; VariantName = "[No Variations]"
Add component (AddParameter): Name = "ComponentLink1URL"; Value = "https://www.seielect.com/catalog/SEI-RMCF_RMCP.pdf"; VariantName = "[No Variations]"
Add component (AddParameter): Name = "ComponentLink2Description"; Value = "B_Digikey"; VariantName = "[No Variations]"
Add component (AddParameter): Name = "ComponentLink2URL"; Value = "https://www.digikey.com/en/products/detail/stackpole-electronics-inc/RMCF0603FT82K0/1760956"; VariantName = "[No Variations]"
Added Pin To Net: NetName=Vcc Pin=R5-1
Added Pin To Net: NetName=Vee Pin=R30-1
Added Pin To Net: NetName=NetD15_A Pin=D15-A
Added Pin To Net: NetName=NetD15_A Pin=R5-2
Added Pin To Net: NetName=NetD15_A Pin=U11-4
Added Net: Name=NetD15_A
Added Pin To Net: NetName=NetR6_1 Pin=R6-1
Added Pin To Net: NetName=NetR6_1 Pin=R30-2
Added Pin To Net: NetName=NetR6_1 Pin=U11-3
Added Net: Name=NetR6_1
Added Pin To Net: NetName=NetR6_2 Pin=R6-2
Added Pin To Net: NetName=NetR6_2 Pin=R31-1
Added Net: Name=NetR6_2
Added Member To Class: ClassName=Power_Rail_Probe Member=Component R5 1K
Added Member To Class: ClassName=Power_Rail_Probe Member=Component R6 82k
