Removed Member From Class: ClassName=AUX_POWER Member=NetD5_1
Removed Member From Class: ClassName=USB_POWER Member=NetD6_1
Removed Member From Class: ClassName=USB_POWER Member=NetD6_6
Removed Member From Class: ClassName=USB_POWER Member=NetD7_1
Change Comment: Unknown Component : CONN3
Change component parameters: Component "CONN3" not found
Added Pin To Net: NetName=AUX Pin=D3-A
Added Pin To Net: NetName=Vcc Pin=D3-K
Add Pin To Net: Unknown Pin: Pin D4-1
Add Pin To Net: Unknown Pin: Pin D4-2
Added Pin To Net: NetName=GND_USB Pin=D5-A
Added Pin To Net: NetName=NetD6_6 Pin=D6-A
Added Pin To Net: NetName=Vcc Pin=D7-K
Add Pin To Net: Unknown Pin: Pin D8-1
Add Pin To Net: Unknown Pin: Pin D8-2
Add Pin To Net: Unknown Pin: Pin D9-1
Add Pin To Net: Unknown Pin: Pin D9-2
Add Pin To Net: Unknown Pin: Pin D10-1
Add Pin To Net: Unknown Pin: Pin D10-6
Add Pin To Net: Unknown Pin: Pin D11-1
Add Pin To Net: Unknown Pin: Pin D11-6
Add Pin To Net: Unknown Pin: Pin D12-1
Add Pin To Net: Unknown Pin: Pin D12-6
Add Pin To Net: Unknown Pin: Pin D13-1
Add Pin To Net: Unknown Pin: Pin D13-6
Add Pin To Net: Unknown Pin: Pin D14-1
Add Pin To Net: Unknown Pin: Pin D14-6
Add Pin To Net: Unknown Pin: Pin JP1-S1
Change Net Name : Old Net Name=NetD6_6 New Net Name=NetD6_A
Added Pin To Net: NetName=NetD5_K Pin=D5-K
Added Pin To Net: NetName=NetD5_K Pin=Q1-1
Added Pin To Net: NetName=NetD5_K Pin=R27-1
Added Net: Name=NetD5_K
Added Pin To Net: NetName=NetD6_K Pin=D6-K
Added Pin To Net: NetName=NetD6_K Pin=Q2-2
Added Pin To Net: NetName=NetD6_K Pin=Q3-2
Added Net: Name=NetD6_K
Added Pin To Net: NetName=NetD7_A Pin=D7-A
Added Pin To Net: NetName=NetD7_A Pin=Q3-3
Added Pin To Net: NetName=NetD7_A Pin=R15-2
Added Net: Name=NetD7_A
Added Member To Class: ClassName=AUX_POWER Member=Wire NetD5_K
Added Member To Class: ClassName=USB_POWER Member=Wire NetD6_A
Added Member To Class: ClassName=USB_POWER Member=Wire NetD6_K
Added Member To Class: ClassName=USB_POWER Member=Wire NetD7_A
